<?xml version="1.0" encoding="UTF-8"?>
<robot generator="Robot 7.2.2 (Python 3.11.11 on linux)" generated="2025-04-22T11:34:22.382495" rpa="false" schemaversion="5">
<suite id="s1" name="Bdd" source="/home/pavel/py/school/TSW/cv10_robot/bdd.robot">
<test id="s1-t1" name="Adding A Task Should Appear In List" line="8">
<kw name="Given Browser Is Open To Todo Page">
<kw name="Open Browser" owner="SeleniumLibrary">
<msg time="2025-04-22T11:34:22.568376" level="INFO">Opening browser 'chrome' to base url 'http://localhost:5000'.</msg>
<arg>${URL}</arg>
<arg>chrome</arg>
<doc>Opens a new browser instance to the optional ``url``.</doc>
<status status="PASS" start="2025-04-22T11:34:22.568077" elapsed="0.647450"/>
</kw>
<status status="PASS" start="2025-04-22T11:34:22.567051" elapsed="0.648772"/>
</kw>
<kw name="Sleep" owner="BuiltIn">
<msg time="2025-04-22T11:34:33.216977" level="INFO">Slept 10 seconds.</msg>
<arg>10s</arg>
<doc>Pauses the test executed for the given time.</doc>
<status status="PASS" start="2025-04-22T11:34:23.216260" elapsed="10.001052"/>
</kw>
<kw name="When I Add Task With Text">
<kw name="Input Text" owner="SeleniumLibrary">
<msg time="2025-04-22T11:34:33.220698" level="INFO">Typing text 'Udělat kávu' into text field 'name=task'.</msg>
<arg>name=task</arg>
<arg>${text}</arg>
<doc>Types the given ``text`` into the text field identified by ``locator``.</doc>
<status status="PASS" start="2025-04-22T11:34:33.219180" elapsed="0.175705"/>
</kw>
<kw name="Click Button" owner="SeleniumLibrary">
<msg time="2025-04-22T11:34:33.395651" level="INFO">Clicking button 'xpath=//input[@type="submit"]'.</msg>
<arg>xpath=//input[@type="submit"]</arg>
<doc>Clicks the button identified by ``locator``.</doc>
<status status="PASS" start="2025-04-22T11:34:33.395269" elapsed="0.124435"/>
</kw>
<arg>Udělat kávu</arg>
<status status="PASS" start="2025-04-22T11:34:33.218115" elapsed="0.301899"/>
</kw>
<kw name="Then I Should See Task In List">
<kw name="Page Should Contain" owner="SeleniumLibrary">
<msg time="2025-04-22T11:34:33.540077" level="INFO">Current page contains text 'Udělat kávu'.</msg>
<arg>${text}</arg>
<doc>Verifies that current page contains ``text``.</doc>
<status status="PASS" start="2025-04-22T11:34:33.521227" elapsed="0.019108"/>
</kw>
<kw name="Close Browser" owner="SeleniumLibrary">
<doc>Closes the current browser.</doc>
<status status="PASS" start="2025-04-22T11:34:33.540921" elapsed="0.063105"/>
</kw>
<arg>Udělat kávu</arg>
<status status="PASS" start="2025-04-22T11:34:33.520572" elapsed="0.084228"/>
</kw>
<status status="PASS" start="2025-04-22T11:34:22.566224" elapsed="11.039309"/>
</test>
<status status="PASS" start="2025-04-22T11:34:22.383717" elapsed="11.223802"/>
</suite>
<statistics>
<total>
<stat pass="1" fail="0" skip="0">All Tests</stat>
</total>
<tag>
</tag>
<suite>
<stat name="Bdd" id="s1" pass="1" fail="0" skip="0">Bdd</stat>
</suite>
</statistics>
<errors>
</errors>
</robot>
